<?xml version="1.0" encoding="UTF-8"?>
<!-- Generated by org.testng.reporters.JUnitReportReporter -->
<testsuite hostname="DESKTOP-K4QBCOJ" name="com.newtours.tests.BookFlightTest" tests="15" failures="0" timestamp="14 Apr 2021 18:11:24 GMT" time="39.100" errors="0">
  <testcase name="findFlights" time="0.470" classname="com.newtours.tests.BookFlightTest"/>
  <testcase name="flightDetailsPage" time="1.838" classname="com.newtours.tests.BookFlightTest"/>
  <testcase name="registrationpage" time="11.317" classname="com.newtours.tests.BookFlightTest"/>
  <testcase name="flightConfirmationPage" time="0.379" classname="com.newtours.tests.BookFlightTest"/>
  <testcase name="registrationpage" time="7.363" classname="com.newtours.tests.BookFlightTest"/>
  <testcase name="findFlights" time="0.665" classname="com.newtours.tests.BookFlightTest"/>
  <testcase name="registrationConfirmationpage" time="0.301" classname="com.newtours.tests.BookFlightTest"/>
  <testcase name="findFlights" time="0.413" classname="com.newtours.tests.BookFlightTest"/>
  <testcase name="registrationpage" time="10.660" classname="com.newtours.tests.BookFlightTest"/>
  <testcase name="registrationConfirmationpage" time="0.446" classname="com.newtours.tests.BookFlightTest"/>
  <testcase name="flightConfirmationPage" time="0.525" classname="com.newtours.tests.BookFlightTest"/>
  <testcase name="registrationConfirmationpage" time="0.272" classname="com.newtours.tests.BookFlightTest"/>
  <testcase name="flightDetailsPage" time="2.040" classname="com.newtours.tests.BookFlightTest"/>
  <testcase name="flightConfirmationPage" time="0.439" classname="com.newtours.tests.BookFlightTest"/>
  <testcase name="flightDetailsPage" time="1.972" classname="com.newtours.tests.BookFlightTest"/>
</testsuite> <!-- com.newtours.tests.BookFlightTest -->
